\BOOKMARK [1][]{section.1}{Introduction}{}% 1
\BOOKMARK [1][]{section.2}{Background}{}% 2
\BOOKMARK [2][]{subsection.2.1}{Risks of using passwords}{section.2}% 3
\BOOKMARK [3][]{subsubsection.2.1.1}{Eavesdropping}{subsection.2.1}% 4
\BOOKMARK [3][]{subsubsection.2.1.2}{Data breaches}{subsection.2.1}% 5
\BOOKMARK [3][]{subsubsection.2.1.3}{Phishing}{subsection.2.1}% 6
\BOOKMARK [3][]{subsubsection.2.1.4}{Replay attacks}{subsection.2.1}% 7
\BOOKMARK [3][]{subsubsection.2.1.5}{Password reuse}{subsection.2.1}% 8
\BOOKMARK [2][]{subsection.2.2}{Related work}{section.2}% 9
\BOOKMARK [2][]{subsection.2.3}{Implications}{section.2}% 10
\BOOKMARK [1][]{section.3}{Protocol}{}% 11
\BOOKMARK [2][]{subsection.3.1}{Design}{section.3}% 12
\BOOKMARK [2][]{subsection.3.2}{Specification}{section.3}% 13
\BOOKMARK [2][]{subsection.3.3}{Proof-of-concept}{section.3}% 14
\BOOKMARK [3][]{subsubsection.3.3.1}{Server}{subsection.3.3}% 15
\BOOKMARK [3][]{subsubsection.3.3.2}{Client}{subsection.3.3}% 16
\BOOKMARK [2][]{subsection.3.4}{Deployment}{section.3}% 17
\BOOKMARK [1][]{section.4}{Discussion}{}% 18
\BOOKMARK [2][]{subsection.4.1}{Weaknesses}{section.4}% 19
\BOOKMARK [2][]{subsection.4.2}{Future Work}{section.4}% 20
\BOOKMARK [2][]{subsection.4.3}{Conclusion}{section.4}% 21
